C:\Program Files (x86)\Microsoft Visual Studio\2017\Enterprise\Common7\IDE\VC\VCTargets\Microsoft.CppBuild.targets(937,5): warning MSB8027: Two or more files with the name of Door.cpp will produce outputs to the same location. This can lead to an incorrect build result.  The files involved are ..\Door.cpp, Door.cpp.
  Door.cpp
  WebServer.cc
d:\beni\vhdl\linuxbase - copy\codelinux\webserver.cc(14): error C4996: 'fopen': This function or variable may be unsafe. Consider using fopen_s instead. To disable deprecation, use _CRT_SECURE_NO_WARNINGS. See online help for details.
  c:\program files (x86)\windows kits\10\include\10.0.16299.0\ucrt\stdio.h(207): note: see declaration of 'fopen'
d:\beni\vhdl\linuxbase - copy\codelinux\webserver.cc(15): error C4996: 'fopen': This function or variable may be unsafe. Consider using fopen_s instead. To disable deprecation, use _CRT_SECURE_NO_WARNINGS. See online help for details.
  c:\program files (x86)\windows kits\10\include\10.0.16299.0\ucrt\stdio.h(207): note: see declaration of 'fopen'
d:\beni\vhdl\linuxbase - copy\codelinux\webserver.cc(16): error C4996: 'fopen': This function or variable may be unsafe. Consider using fopen_s instead. To disable deprecation, use _CRT_SECURE_NO_WARNINGS. See online help for details.
  c:\program files (x86)\windows kits\10\include\10.0.16299.0\ucrt\stdio.h(207): note: see declaration of 'fopen'
d:\beni\vhdl\linuxbase - copy\codelinux\webserver.cc(33): error C4996: 'fscanf': This function or variable may be unsafe. Consider using fscanf_s instead. To disable deprecation, use _CRT_SECURE_NO_WARNINGS. See online help for details.
  c:\program files (x86)\windows kits\10\include\10.0.16299.0\ucrt\stdio.h(1195): note: see declaration of 'fscanf'
d:\beni\vhdl\linuxbase - copy\codelinux\webserver.cc(36): error C4996: 'fscanf': This function or variable may be unsafe. Consider using fscanf_s instead. To disable deprecation, use _CRT_SECURE_NO_WARNINGS. See online help for details.
  c:\program files (x86)\windows kits\10\include\10.0.16299.0\ucrt\stdio.h(1195): note: see declaration of 'fscanf'
d:\beni\vhdl\linuxbase - copy\codelinux\webserver.cc(58): warning C4477: 'printf' : format string '%x' requires an argument of type 'unsigned int', but variadic argument 1 has type 'Door *'
  Temperature.cc
d:\beni\vhdl\linuxbase - copy\codelinux\memory.h(3): fatal error C1083: Cannot open include file: 'unistd.h': No such file or directory
  Relay.cc
d:\beni\vhdl\linuxbase - copy\codelinux\memory.h(3): fatal error C1083: Cannot open include file: 'unistd.h': No such file or directory
  Memory.cc
d:\beni\vhdl\linuxbase - copy\codelinux\memory.h(3): fatal error C1083: Cannot open include file: 'unistd.h': No such file or directory
  Main.cc
d:\beni\vhdl\linuxbase - copy\codelinux\memory.h(3): fatal error C1083: Cannot open include file: 'unistd.h': No such file or directory
  Light.cc
d:\beni\vhdl\linuxbase - copy\codelinux\memory.h(3): fatal error C1083: Cannot open include file: 'unistd.h': No such file or directory
  Keyboard.cc
d:\beni\vhdl\linuxbase - copy\codelinux\memory.h(3): fatal error C1083: Cannot open include file: 'unistd.h': No such file or directory
  FrameChecker.cc
d:\beni\vhdl\linuxbase - copy\codelinux\memory.h(3): fatal error C1083: Cannot open include file: 'unistd.h': No such file or directory
  Door.cpp
d:\beni\vhdl\linuxbase - copy\codelinux\door.cpp(2): fatal error C1083: Cannot open include file: 'unistd.h': No such file or directory
  Dma.cc
d:\beni\vhdl\linuxbase - copy\codelinux\memory.h(3): fatal error C1083: Cannot open include file: 'unistd.h': No such file or directory
  Camera.cc
d:\beni\vhdl\linuxbase - copy\codelinux\camera.cc(2): fatal error C1083: Cannot open include file: 'opencv2/objdetect.hpp': No such file or directory
  Generating Code...
